<?xml version="1.0" encoding="UTF-8"?>
<testng-results ignored="0" total="2" passed="2" failed="0" skipped="0">
  <reporter-output>
  </reporter-output>
  <suite started-at="2024-08-24T21:32:13 IST" name="Default suite" finished-at="2024-08-24T21:32:55 IST" duration-ms="42236">
    <groups>
      <group name="cucumber">
        <method signature="AbstractTestNGCucumberTests.runScenario(io.cucumber.testng.PickleWrapper,io.cucumber.testng.FeatureWrapper)[pri:0, instance:TestRunner.TestRunner@74e52ef6]" name="runScenario" class="io.cucumber.testng.AbstractTestNGCucumberTests"/>
      </group> <!-- cucumber -->
    </groups>
    <test started-at="2024-08-24T21:32:13 IST" name="Default test" finished-at="2024-08-24T21:32:55 IST" duration-ms="42236">
      <class name="TestRunner.TestRunner">
        <test-method is-config="true" signature="setUpClass(org.testng.ITestContext)[pri:0, instance:TestRunner.TestRunner@74e52ef6]" started-at="2024-08-24T21:32:13 IST" name="setUpClass" finished-at="2024-08-24T21:32:13 IST" duration-ms="334" status="PASS">
          <params>
            <param index="0">
              <value>
                <![CDATA[org.testng.TestRunner@4096aa05]]>
              </value>
            </param>
          </params>
          <reporter-output>
          </reporter-output>
        </test-method> <!-- setUpClass -->
        <test-method signature="runScenario(io.cucumber.testng.PickleWrapper,io.cucumber.testng.FeatureWrapper)[pri:0, instance:TestRunner.TestRunner@74e52ef6]" started-at="2024-08-24T21:32:13 IST" name="runScenario" description="Runs Cucumber Scenarios" data-provider="scenarios" finished-at="2024-08-24T21:32:38 IST" duration-ms="25114" status="PASS">
          <params>
            <param index="0">
              <value>
                <![CDATA["login with invalid credential - invalid password"]]>
              </value>
            </param>
            <param index="1">
              <value>
                <![CDATA["Login page automation - OrangeHRM"]]>
              </value>
            </param>
          </params>
          <reporter-output>
          </reporter-output>
        </test-method> <!-- runScenario -->
        <test-method is-config="true" signature="driverclose()[pri:0, instance:TestRunner.TestRunner@74e52ef6]" started-at="2024-08-24T21:32:38 IST" name="driverclose" finished-at="2024-08-24T21:32:43 IST" duration-ms="5110" status="PASS">
          <reporter-output>
          </reporter-output>
        </test-method> <!-- driverclose -->
        <test-method signature="runScenario(io.cucumber.testng.PickleWrapper,io.cucumber.testng.FeatureWrapper)[pri:0, instance:TestRunner.TestRunner@74e52ef6]" started-at="2024-08-24T21:32:43 IST" name="runScenario" description="Runs Cucumber Scenarios" data-provider="scenarios" finished-at="2024-08-24T21:32:50 IST" duration-ms="6483" status="PASS">
          <params>
            <param index="0">
              <value>
                <![CDATA["login with valid credential"]]>
              </value>
            </param>
            <param index="1">
              <value>
                <![CDATA["Login page automation - OrangeHRM"]]>
              </value>
            </param>
          </params>
          <reporter-output>
          </reporter-output>
        </test-method> <!-- runScenario -->
        <test-method is-config="true" signature="driverclose()[pri:0, instance:TestRunner.TestRunner@74e52ef6]" started-at="2024-08-24T21:32:50 IST" name="driverclose" finished-at="2024-08-24T21:32:55 IST" duration-ms="5114" status="PASS">
          <reporter-output>
          </reporter-output>
        </test-method> <!-- driverclose -->
        <test-method is-config="true" signature="tearDownClass()[pri:0, instance:TestRunner.TestRunner@74e52ef6]" started-at="2024-08-24T21:32:55 IST" name="tearDownClass" finished-at="2024-08-24T21:32:55 IST" duration-ms="51" status="PASS">
          <reporter-output>
          </reporter-output>
        </test-method> <!-- tearDownClass -->
      </class> <!-- TestRunner.TestRunner -->
    </test> <!-- Default test -->
  </suite> <!-- Default suite -->
</testng-results>
